<?xml version="1.0" encoding="UTF-8"?>
<!-- Generated by org.testng.reporters.JUnitReportReporter -->
<testsuite hostname="PUN-WKS-AC422" failures="0" tests="3" name="com.crm.qa.testcases.LoginPageTest" time="68.234" errors="0" timestamp="11 Sep 2018 14:53:20 GMT">
  <testcase classname="com.crm.qa.testcases.LoginPageTest" name="loginTest" time="26.846"/>
  <testcase classname="com.crm.qa.testcases.LoginPageTest" name="loginPageTitleTest" time="14.958"/>
  <testcase classname="com.crm.qa.testcases.LoginPageTest" name="rememberMeTest" time="26.430"/>
</testsuite> <!-- com.crm.qa.testcases.LoginPageTest -->
