<?xml version="1.0" encoding="UTF-8"?>
<!-- Generated by org.testng.reporters.JUnitReportReporter -->
<testsuite hostname="PUN-WKS-AC422" failures="0" tests="1" name="testNG.Login_OR" time="0.019" errors="0" timestamp="02 Aug 2018 07:09:44 GMT" skipped="0">
  <testcase classname="testNG.Login_OR" name="verifyLogout" time="0.019"/>
</testsuite> <!-- testNG.Login_OR -->
