<?xml version="1.0" encoding="UTF-8"?>
<!-- Generated by org.testng.reporters.JUnitReportReporter -->
<testsuite ignored="0" hostname="PUN-WKS-AC422" failures="0" tests="1" name="chrome.ExtendReportDemo" time="0.436" errors="0" timestamp="21 Sep 2018 08:41:06 GMT" skipped="0">
  <testcase classname="chrome.ExtendReportDemo" name="loginTest" time="0.436"/>
</testsuite> <!-- chrome.ExtendReportDemo -->
