<?xml version="1.0" encoding="UTF-8"?>
<!-- Generated by org.testng.reporters.JUnitReportReporter -->
<testsuite hostname="PUN-WKS-AC422" failures="0" tests="3" name="com.datadrivettest.HalfEbayTest" time="83.925" errors="0" timestamp="21 Sep 2018 08:56:22 GMT" skipped="0">
  <testcase classname="com.datadrivettest.HalfEbayTest" name="halfEbayRegTest" time="43.261"/>
  <testcase classname="com.datadrivettest.HalfEbayTest" name="halfEbayRegTest" time="28.459"/>
  <testcase classname="com.datadrivettest.HalfEbayTest" name="halfEbayRegTest" time="12.205"/>
</testsuite> <!-- com.datadrivettest.HalfEbayTest -->
